#
# A fatal error has been detected by the Java Runtime Environment:
#
#  EXCEPTION_ACCESS_VIOLATION (0xc0000005) at pc=0x000000006f6ed487, pid=15684, tid=11496
#
# JRE version: OpenJDK Runtime Environment (14.0.1+7) (build 14.0.1+7)
# Java VM: OpenJDK 64-Bit Server VM (14.0.1+7, mixed mode, sharing, tiered, compressed oops, g1 gc, windows-amd64)
# Problematic frame:
# C  [imgui-java64.dll+0x2d487]
#
# No core dump will be written. Minidumps are not enabled by default on client versions of Windows
#
# If you would like to submit a bug report, please visit:
#   https://bugreport.java.com/bugreport/crash.jsp
# The crash happened outside the Java Virtual Machine in native code.
# See problematic frame for where to report the bug.
#

---------------  S U M M A R Y ------------

Command Line: -agentlib:jdwp=transport=dt_socket,address=127.0.0.1:57958,suspend=y,server=n --enable-preview -Dfile.encoding=UTF-8 OxyEngineEditor.Sandbox.Sandbox3D

Host: Intel(R) Core(TM) i7-6700 CPU @ 3.40GHz, 8 cores, 15G,  Windows 10 , 64 bit Build 18362 (10.0.18362.959)
Time: Fri Jul 31 15:37:06 2020 W. Europe Daylight Time elapsed time: 1 seconds (0d 0h 0m 1s)

---------------  T H R E A D  ---------------

Current thread (0x0000022c357e2800):  JavaThread "OxyEventDispatcher - Thread" [_thread_in_native, id=11496, stack(0x000000f25c000000,0x000000f25c100000)]

Stack: [0x000000f25c000000,0x000000f25c100000],  sp=0x000000f25c0ff1a8,  free space=1020k
Native frames: (J=compiled Java code, j=interpreted, Vv=VM code, C=native code)
C  [imgui-java64.dll+0x2d487]

Java frames: (J=compiled Java code, j=interpreted, Vv=VM code)
j  imgui.ImGui.getMousePos(Limgui/ImVec2;)V+0
j  OxyEngine.Events.OxyMouseListener.dispatch(LOxyEngineEditor/Sandbox/Scene/OxyEntity;)V+9
J 1373% c1 OxyEngine.Events.OxyEventDispatcherThread.run()V (159 bytes) @ 0x0000022c1a090cfc [0x0000022c1a08fc20+0x00000000000010dc]
v  ~StubRoutines::call_stub

siginfo: EXCEPTION_ACCESS_VIOLATION (0xc0000005), reading address 0x0000000000000128


Register to memory mapping:

RIP=0x000000006f6ed487 imgui-java64.dll
RAX=0x0 is NULL
RBX=0x000000f25c0ff280 is pointing into the stack for thread: 0x0000022c357e2800
RCX=0x0000022c357e2b10 points into unknown readable memory: a0 1a b7 ae f9 7f 00 00
RDX=0x000000f25c0ff270 is pointing into the stack for thread: 0x0000022c357e2800
RSP=0x000000f25c0ff1a8 is pointing into the stack for thread: 0x0000022c357e2800
RBP=0x000000f25c0ff260 is pointing into the stack for thread: 0x0000022c357e2800
RSI=0x0000000000000007 is an unknown value
RDI=0x0000022c1985cda9 is at code_begin+7593 in an Interpreter codelet
invoke return entry points  [0x0000022c1985b000, 0x0000022c1985d0c0]  8384 bytes
R8 =0x000000f25c0ff280 is pointing into the stack for thread: 0x0000022c357e2800
R9 =0x0000000000000004 is an unknown value
R10=0x0000022c19866153 is at code_begin+1971 in an Interpreter codelet
method entry point (kind = native)  [0x0000022c198659a0, 0x0000022c19866ca0]  4864 bytes
R11=0x00000007099fd0b8 is an oop: java.lang.Class 
{0x00000007099fd0b8} - klass: 'java/lang/Class'
R12=0x0000022c357e2b10 points into unknown readable memory: a0 1a b7 ae f9 7f 00 00
R13={method} {0x0000022c41f89878} 'getMousePos' '(Limgui/ImVec2;)V' in 'imgui/ImGui'
R14=0x000000f25c0ff280 is pointing into the stack for thread: 0x0000022c357e2800
R15=0x0000022c357e2800 is a thread


Registers:
RAX=0x0000000000000000, RBX=0x000000f25c0ff280, RCX=0x0000022c357e2b10, RDX=0x000000f25c0ff270
RSP=0x000000f25c0ff1a8, RBP=0x000000f25c0ff260, RSI=0x0000000000000007, RDI=0x0000022c1985cda9
R8 =0x000000f25c0ff280, R9 =0x0000000000000004, R10=0x0000022c19866153, R11=0x00000007099fd0b8
R12=0x0000022c357e2b10, R13=0x0000022c41f89870, R14=0x000000f25c0ff280, R15=0x0000022c357e2800
RIP=0x000000006f6ed487, EFLAGS=0x0000000000010202

Top of Stack: (sp=0x000000f25c0ff1a8)
0x000000f25c0ff1a8:   000000006f6d9e92 0000022c1985cda9
0x000000f25c0ff1b8:   0000022c19865e47 0000022c1985cd00
0x000000f25c0ff1c8:   0000022c41f89870 0000022c41f89870
0x000000f25c0ff1d8:   0000022c41f89870 0000000000000000
0x000000f25c0ff1e8:   0000022c19866182 0000022c41f89870
0x000000f25c0ff1f8:   0000000000000007 000000f25c0ff268
0x000000f25c0ff208:   0000022c1985cda9 0000022c19865a56
0x000000f25c0ff218:   000000f25c0ff218 0000022c41f89870
0x000000f25c0ff228:   000000f25c0ff280 0000022c41f8b428
0x000000f25c0ff238:   0000000000000000 00000007099fd0b8
0x000000f25c0ff248:   0000022c41f89870 0000000000000000
0x000000f25c0ff258:   000000f25c0ff280 000000f25c0ff2d0
0x000000f25c0ff268:   0000022c1985cda9 00000007099fd0b8
0x000000f25c0ff278:   0000022c19861078 000000070997fec8
0x000000f25c0ff288:   000000f25c0ff288 0000022c41f50ae1
0x000000f25c0ff298:   000000f25c0ff300 0000022c41f518e8 

Instructions: (pc=0x000000006f6ed487)
0x000000006f6ed387:   f6 0f 2f c6 0f 28 74 24 20 0f 93 c0 48 83 c4 38
0x000000006f6ed397:   5b 5e c3 66 0f 1f 44 00 00 41 b8 9d 12 00 00 48
0x000000006f6ed3a7:   8d 15 d3 9e 12 00 48 8d 0d 14 af 12 00 ff 15 ca
0x000000006f6ed3b7:   53 1a 00 eb b1 0f 1f 40 00 57 56 53 48 83 ec 30
0x000000006f6ed3c7:   0f 29 74 24 20 48 8b 35 95 cd 18 00 48 63 d9 0f
0x000000006f6ed3d7:   28 f1 83 fb 04 77 22 80 bc 1e 30 01 00 00 00 75
0x000000006f6ed3e7:   5c 0f 28 74 24 20 31 c0 48 83 c4 30 5b 5e 5f c3
0x000000006f6ed3f7:   66 0f 1f 84 00 00 00 00 00 48 8b 3d 7d 53 1a 00
0x000000006f6ed407:   41 b8 a6 12 00 00 48 8d 15 6c 9e 12 00 48 8d 0d
0x000000006f6ed417:   ad ae 12 00 ff d7 80 bc 1e 30 01 00 00 00 74 c1
0x000000006f6ed427:   48 8b 35 3a cd 18 00 41 b8 9d 12 00 00 48 8d 15
0x000000006f6ed437:   45 9e 12 00 48 8d 0d 86 ae 12 00 ff d7 66 0f ef
0x000000006f6ed447:   c0 0f 2f c6 76 05 f3 0f 10 76 38 f3 0f 10 84 9e
0x000000006f6ed457:   8c 04 00 00 f3 0f 59 f6 0f 2f c6 0f 28 74 24 20
0x000000006f6ed467:   0f 93 c0 48 83 c4 30 5b 5e 5f c3 66 66 2e 0f 1f
0x000000006f6ed477:   84 00 00 00 00 00 0f 1f 00 48 8b 05 e1 cc 18 00
0x000000006f6ed487:   48 8b 80 28 01 00 00 c3 90 56 53 48 83 ec 28 48
0x000000006f6ed497:   8b 35 cb cc 18 00 8b 86 18 1d 00 00 85 c0 7f 11
0x000000006f6ed4a7:   48 8b 86 28 01 00 00 48 83 c4 28 5b 5e c3 0f 1f
0x000000006f6ed4b7:   00 8d 58 ff 3b 9e 08 1d 00 00 7d 1d 48 63 c3 48
0x000000006f6ed4c7:   8d 04 40 48 c1 e0 04 48 03 86 10 1d 00 00 48 8b
0x000000006f6ed4d7:   40 28 48 83 c4 28 5b 5e c3 41 b8 9f 05 00 00 48
0x000000006f6ed4e7:   8d 15 ab 9f 12 00 48 8d 0d b7 9f 12 00 ff 15 8a
0x000000006f6ed4f7:   52 1a 00 eb c7 0f 1f 40 00 53 48 83 ec 20 48 83
0x000000006f6ed507:   3d 5b cc 18 00 00 48 89 cb 74 3e 48 85 db 74 29
0x000000006f6ed517:   f3 0f 10 03 31 c0 0f 2f 05 fc f3 12 00 f3 0f 10
0x000000006f6ed527:   4b 04 72 0a 0f 2f 0d ee f3 12 00 0f 93 c0 48 83
0x000000006f6ed537:   c4 20 5b c3 0f 1f 44 00 00 48 8b 05 21 cc 18 00
0x000000006f6ed547:   48 8d 98 28 01 00 00 eb c7 41 b8 c0 12 00 00 48
0x000000006f6ed557:   8d 15 23 9d 12 00 48 8d 0d b8 ad 12 00 ff 15 1a
0x000000006f6ed567:   52 1a 00 eb a6 0f 1f 40 00 48 8b 15 f1 cb 18 00
0x000000006f6ed577:   48 8d 82 30 01 00 00 48 81 c2 35 01 00 00 44 0f 


Stack slot to memory mapping:
stack at sp + 0 slots: 0x000000006f6d9e92 imgui-java64.dll
stack at sp + 1 slots: 0x0000022c1985cda9 is at code_begin+7593 in an Interpreter codelet
invoke return entry points  [0x0000022c1985b000, 0x0000022c1985d0c0]  8384 bytes
stack at sp + 2 slots: 0x0000022c19865e47 is at code_begin+1191 in an Interpreter codelet
method entry point (kind = native)  [0x0000022c198659a0, 0x0000022c19866ca0]  4864 bytes
stack at sp + 3 slots: 0x0000022c1985cd00 is at code_begin+7424 in an Interpreter codelet
invoke return entry points  [0x0000022c1985b000, 0x0000022c1985d0c0]  8384 bytes
stack at sp + 4 slots: {method} {0x0000022c41f89878} 'getMousePos' '(Limgui/ImVec2;)V' in 'imgui/ImGui'
stack at sp + 5 slots: {method} {0x0000022c41f89878} 'getMousePos' '(Limgui/ImVec2;)V' in 'imgui/ImGui'
stack at sp + 6 slots: {method} {0x0000022c41f89878} 'getMousePos' '(Limgui/ImVec2;)V' in 'imgui/ImGui'
stack at sp + 7 slots: 0x0 is NULL


---------------  P R O C E S S  ---------------

Threads class SMR info:
_java_thread_list=0x0000022c40e44160, length=18, elements={
0x0000022c3574a000, 0x0000022c3574b800, 0x0000022c3575e800, 0x0000022c35761800,
0x0000022c35764000, 0x0000022c35766000, 0x0000022c3577d000, 0x0000022c357e1000,
0x0000022c35a6b000, 0x0000022c35a5a000, 0x0000022c35a5b000, 0x0000022c357e3800,
0x0000022c357e4000, 0x0000022c357de800, 0x0000022c357e1800, 0x0000022c3631a000,
0x0000022c371ca800, 0x0000022c357e2800
}

Java Threads: ( => current thread )
  0x0000022c3574a000 JavaThread "Reference Handler" daemon [_thread_blocked, id=12336, stack(0x000000f259e00000,0x000000f259f00000)]
  0x0000022c3574b800 JavaThread "Finalizer" daemon [_thread_blocked, id=5228, stack(0x000000f259f00000,0x000000f25a000000)]
  0x0000022c3575e800 JavaThread "Signal Dispatcher" daemon [_thread_blocked, id=3124, stack(0x000000f25a000000,0x000000f25a100000)]
  0x0000022c35761800 JavaThread "Attach Listener" daemon [_thread_blocked, id=4032, stack(0x000000f25a100000,0x000000f25a200000)]
  0x0000022c35764000 JavaThread "Service Thread" daemon [_thread_blocked, id=884, stack(0x000000f25a200000,0x000000f25a300000)]
  0x0000022c35766000 JavaThread "C2 CompilerThread0" daemon [_thread_blocked, id=17668, stack(0x000000f25a300000,0x000000f25a400000)]
  0x0000022c3577d000 JavaThread "C1 CompilerThread0" daemon [_thread_blocked, id=5704, stack(0x000000f25a400000,0x000000f25a500000)]
  0x0000022c357e1000 JavaThread "Sweeper thread" daemon [_thread_blocked, id=7920, stack(0x000000f25a500000,0x000000f25a600000)]
  0x0000022c35a6b000 JavaThread "JDWP Transport Listener: dt_socket" daemon [_thread_blocked, id=4000, stack(0x000000f25a600000,0x000000f25a700000)]
  0x0000022c35a5a000 JavaThread "JDWP Event Helper Thread" daemon [_thread_blocked, id=8200, stack(0x000000f25a700000,0x000000f25a800000)]
  0x0000022c35a5b000 JavaThread "JDWP Command Reader" daemon [_thread_in_native, id=10716, stack(0x000000f25a800000,0x000000f25a900000)]
  0x0000022c357e3800 JavaThread "Notification Thread" daemon [_thread_blocked, id=6944, stack(0x000000f25a900000,0x000000f25aa00000)]
  0x0000022c357e4000 JavaThread "Common-Cleaner" daemon [_thread_blocked, id=6168, stack(0x000000f25ab00000,0x000000f25ac00000)]
  0x0000022c357de800 JavaThread "OxyEngine - 1" [_thread_in_vm, id=16744, stack(0x000000f25ad00000,0x000000f25ae00000)]
  0x0000022c357e1800 JavaThread "DestroyJavaVM" [_thread_blocked, id=15780, stack(0x000000f259700000,0x000000f259800000)]
  0x0000022c3631a000 JavaThread "C2 CompilerThread1" daemon [_thread_blocked, id=16528, stack(0x000000f25b900000,0x000000f25ba00000)]
  0x0000022c371ca800 JavaThread "C2 CompilerThread2" daemon [_thread_blocked, id=2472, stack(0x000000f25ba00000,0x000000f25bb00000)]
=>0x0000022c357e2800 JavaThread "OxyEventDispatcher - Thread" [_thread_in_native, id=11496, stack(0x000000f25c000000,0x000000f25c100000)]

Other Threads:
  0x0000022c35742800 VMThread "VM Thread" [stack: 0x000000f259d00000,0x000000f259e00000] [id=8880]
  0x0000022c35a7a000 WatcherThread [stack: 0x000000f25aa00000,0x000000f25ab00000] [id=10928]
  0x0000022c11149800 GCTaskThread "GC Thread#0" [stack: 0x000000f259800000,0x000000f259900000] [id=12120]
  0x0000022c37031800 GCTaskThread "GC Thread#1" [stack: 0x000000f25ac00000,0x000000f25ad00000] [id=13164]
  0x0000022c37032800 GCTaskThread "GC Thread#2" [stack: 0x000000f25b500000,0x000000f25b600000] [id=2124]
  0x0000022c37033000 GCTaskThread "GC Thread#3" [stack: 0x000000f25b600000,0x000000f25b700000] [id=9464]
  0x0000022c37033800 GCTaskThread "GC Thread#4" [stack: 0x000000f25b700000,0x000000f25b800000] [id=1244]
  0x0000022c37034800 GCTaskThread "GC Thread#5" [stack: 0x000000f25b800000,0x000000f25b900000] [id=14988]
  0x0000022c1116d000 ConcurrentGCThread "G1 Main Marker" [stack: 0x000000f259900000,0x000000f259a00000] [id=16624]
  0x0000022c1116f000 ConcurrentGCThread "G1 Conc#0" [stack: 0x000000f259a00000,0x000000f259b00000] [id=13148]
  0x0000022c34c9e800 ConcurrentGCThread "G1 Refine#0" [stack: 0x000000f259b00000,0x000000f259c00000] [id=11680]
  0x0000022c40e39000 ConcurrentGCThread "G1 Refine#1" [stack: 0x000000f25bb00000,0x000000f25bc00000] [id=10228]
  0x0000022c372b2800 ConcurrentGCThread "G1 Refine#2" [stack: 0x000000f25bc00000,0x000000f25bd00000] [id=6620]
  0x0000022c37291800 ConcurrentGCThread "G1 Refine#3" [stack: 0x000000f25bd00000,0x000000f25be00000] [id=15048]
  0x0000022c40f2e800 ConcurrentGCThread "G1 Refine#4" [stack: 0x000000f25be00000,0x000000f25bf00000] [id=12972]
  0x0000022c4104c800 ConcurrentGCThread "G1 Refine#5" [stack: 0x000000f25bf00000,0x000000f25c000000] [id=9960]
  0x0000022c34c9f800 ConcurrentGCThread "G1 Young RemSet Sampling" [stack: 0x000000f259c00000,0x000000f259d00000] [id=16132]

Threads with active compile tasks:

VM state:not at safepoint (normal execution)

VM Mutex/Monitor currently owned by a thread: None

Heap address: 0x0000000700e00000, size: 4082 MB, Compressed Oops mode: Zero based, Oop shift amount: 3
Narrow klass base: 0x0000000800000000, Narrow klass shift: 3
Compressed class space size: 1073741824 Address: 0x0000000800b30000

Heap:
 garbage-first heap   total 262144K, used 168884K [0x0000000700e00000, 0x0000000800000000)
  region size 1024K, 130 young (133120K), 1 survivors (1024K)
 Metaspace       used 9338K, capacity 11767K, committed 11904K, reserved 1060864K
  class space    used 508K, capacity 783K, committed 896K, reserved 1048576K
Heap Regions: E=young(eden), S=young(survivor), O=old, HS=humongous(starts), HC=humongous(continues), CS=collection set, F=free, OA=open archive, CA=closed archive, TAMS=top-at-mark-start (previous, next)
|   0|0x0000000700e00000, 0x0000000700f00000, 0x0000000700f00000|100%| O|  |TAMS 0x0000000700e00000, 0x0000000700e00000| Untracked 
|   1|0x0000000700f00000, 0x0000000701000000, 0x0000000701000000|100%| O|  |TAMS 0x0000000700f00000, 0x0000000700f00000| Untracked 
|   2|0x0000000701000000, 0x0000000701100000, 0x0000000701100000|100%| O|  |TAMS 0x0000000701000000, 0x0000000701000000| Untracked 
|   3|0x0000000701100000, 0x0000000701200000, 0x0000000701200000|100%| O|  |TAMS 0x0000000701100000, 0x0000000701100000| Untracked 
|   4|0x0000000701200000, 0x0000000701241008, 0x0000000701300000| 25%| O|  |TAMS 0x0000000701200000, 0x0000000701200000| Untracked 
|   5|0x0000000701300000, 0x0000000701400000, 0x0000000701400000|100%|HS|  |TAMS 0x0000000701300000, 0x0000000701300000| Complete 
|   6|0x0000000701400000, 0x0000000701500000, 0x0000000701500000|100%|HS|  |TAMS 0x0000000701400000, 0x0000000701400000| Complete 
|   7|0x0000000701500000, 0x0000000701600000, 0x0000000701600000|100%|HS|  |TAMS 0x0000000701500000, 0x0000000701500000| Complete 
|   8|0x0000000701600000, 0x0000000701700000, 0x0000000701700000|100%|HC|  |TAMS 0x0000000701600000, 0x0000000701600000| Complete 
|   9|0x0000000701700000, 0x0000000701800000, 0x0000000701800000|100%|HS|  |TAMS 0x0000000701700000, 0x0000000701700000| Complete 
|  10|0x0000000701800000, 0x0000000701900000, 0x0000000701900000|100%|HC|  |TAMS 0x0000000701800000, 0x0000000701800000| Complete 
|  11|0x0000000701900000, 0x0000000701a00000, 0x0000000701a00000|100%|HC|  |TAMS 0x0000000701900000, 0x0000000701900000| Complete 
|  12|0x0000000701a00000, 0x0000000701b00000, 0x0000000701b00000|100%|HS|  |TAMS 0x0000000701a00000, 0x0000000701a00000| Complete 
|  13|0x0000000701b00000, 0x0000000701c00000, 0x0000000701c00000|100%|HC|  |TAMS 0x0000000701b00000, 0x0000000701b00000| Complete 
|  14|0x0000000701c00000, 0x0000000701d00000, 0x0000000701d00000|100%|HC|  |TAMS 0x0000000701c00000, 0x0000000701c00000| Complete 
|  15|0x0000000701d00000, 0x0000000701e00000, 0x0000000701e00000|100%|HC|  |TAMS 0x0000000701d00000, 0x0000000701d00000| Complete 
|  16|0x0000000701e00000, 0x0000000701f00000, 0x0000000701f00000|100%|HS|  |TAMS 0x0000000701e00000, 0x0000000701e00000| Complete 
|  17|0x0000000701f00000, 0x0000000702000000, 0x0000000702000000|100%|HC|  |TAMS 0x0000000701f00000, 0x0000000701f00000| Complete 
|  18|0x0000000702000000, 0x0000000702100000, 0x0000000702100000|100%|HC|  |TAMS 0x0000000702000000, 0x0000000702000000| Complete 
|  19|0x0000000702100000, 0x0000000702200000, 0x0000000702200000|100%|HC|  |TAMS 0x0000000702100000, 0x0000000702100000| Complete 
|  20|0x0000000702200000, 0x0000000702300000, 0x0000000702300000|100%|HC|  |TAMS 0x0000000702200000, 0x0000000702200000| Complete 
|  21|0x0000000702300000, 0x0000000702400000, 0x0000000702400000|100%|HS|  |TAMS 0x0000000702300000, 0x0000000702300000| Complete 
|  22|0x0000000702400000, 0x0000000702500000, 0x0000000702500000|100%|HC|  |TAMS 0x0000000702400000, 0x0000000702400000| Complete 
|  23|0x0000000702500000, 0x0000000702600000, 0x0000000702600000|100%|HC|  |TAMS 0x0000000702500000, 0x0000000702500000| Complete 
|  24|0x0000000702600000, 0x0000000702700000, 0x0000000702700000|100%|HC|  |TAMS 0x0000000702600000, 0x0000000702600000| Complete 
|  25|0x0000000702700000, 0x0000000702800000, 0x0000000702800000|100%|HC|  |TAMS 0x0000000702700000, 0x0000000702700000| Complete 
|  26|0x0000000702800000, 0x0000000702900000, 0x0000000702900000|100%|HS|  |TAMS 0x0000000702800000, 0x0000000702800000| Complete 
|  27|0x0000000702900000, 0x0000000702a00000, 0x0000000702a00000|100%|HS|  |TAMS 0x0000000702900000, 0x0000000702900000| Complete 
|  28|0x0000000702a00000, 0x0000000702b00000, 0x0000000702b00000|100%|HS|  |TAMS 0x0000000702a00000, 0x0000000702a00000| Complete 
|  29|0x0000000702b00000, 0x0000000702c00000, 0x0000000702c00000|100%|HC|  |TAMS 0x0000000702b00000, 0x0000000702b00000| Complete 
|  30|0x0000000702c00000, 0x0000000702d00000, 0x0000000702d00000|100%|HS|  |TAMS 0x0000000702c00000, 0x0000000702c00000| Complete 
|  31|0x0000000702d00000, 0x0000000702e00000, 0x0000000702e00000|100%|HC|  |TAMS 0x0000000702d00000, 0x0000000702d00000| Complete 
|  32|0x0000000702e00000, 0x0000000702f00000, 0x0000000702f00000|100%|HS|  |TAMS 0x0000000702e00000, 0x0000000702e00000| Complete 
|  33|0x0000000702f00000, 0x0000000703000000, 0x0000000703000000|100%|HC|  |TAMS 0x0000000702f00000, 0x0000000702f00000| Complete 
|  34|0x0000000703000000, 0x0000000703100000, 0x0000000703100000|100%|HS|  |TAMS 0x0000000703000000, 0x0000000703000000| Complete 
|  35|0x0000000703100000, 0x0000000703200000, 0x0000000703200000|100%|HS|  |TAMS 0x0000000703100000, 0x0000000703100000| Complete 
|  36|0x0000000703200000, 0x0000000703300000, 0x0000000703300000|100%|HS|  |TAMS 0x0000000703200000, 0x0000000703200000| Complete 
|  37|0x0000000703300000, 0x0000000703300000, 0x0000000703400000|  0%| F|  |TAMS 0x0000000703300000, 0x0000000703300000| Untracked 
|  38|0x0000000703400000, 0x0000000703400000, 0x0000000703500000|  0%| F|  |TAMS 0x0000000703400000, 0x0000000703400000| Untracked 
|  39|0x0000000703500000, 0x0000000703500000, 0x0000000703600000|  0%| F|  |TAMS 0x0000000703500000, 0x0000000703500000| Untracked 
|  40|0x0000000703600000, 0x0000000703600000, 0x0000000703700000|  0%| F|  |TAMS 0x0000000703600000, 0x0000000703600000| Untracked 
|  41|0x0000000703700000, 0x0000000703700000, 0x0000000703800000|  0%| F|  |TAMS 0x0000000703700000, 0x0000000703700000| Untracked 
|  42|0x0000000703800000, 0x0000000703800000, 0x0000000703900000|  0%| F|  |TAMS 0x0000000703800000, 0x0000000703800000| Untracked 
|  43|0x0000000703900000, 0x0000000703900000, 0x0000000703a00000|  0%| F|  |TAMS 0x0000000703900000, 0x0000000703900000| Untracked 
|  44|0x0000000703a00000, 0x0000000703a00000, 0x0000000703b00000|  0%| F|  |TAMS 0x0000000703a00000, 0x0000000703a00000| Untracked 
|  45|0x0000000703b00000, 0x0000000703b00000, 0x0000000703c00000|  0%| F|  |TAMS 0x0000000703b00000, 0x0000000703b00000| Untracked 
|  46|0x0000000703c00000, 0x0000000703c00000, 0x0000000703d00000|  0%| F|  |TAMS 0x0000000703c00000, 0x0000000703c00000| Untracked 
|  47|0x0000000703d00000, 0x0000000703d00000, 0x0000000703e00000|  0%| F|  |TAMS 0x0000000703d00000, 0x0000000703d00000| Untracked 
|  48|0x0000000703e00000, 0x0000000703e00000, 0x0000000703f00000|  0%| F|  |TAMS 0x0000000703e00000, 0x0000000703e00000| Untracked 
|  49|0x0000000703f00000, 0x0000000703f00000, 0x0000000704000000|  0%| F|  |TAMS 0x0000000703f00000, 0x0000000703f00000| Untracked 
|  50|0x0000000704000000, 0x0000000704000000, 0x0000000704100000|  0%| F|  |TAMS 0x0000000704000000, 0x0000000704000000| Untracked 
|  51|0x0000000704100000, 0x0000000704100000, 0x0000000704200000|  0%| F|  |TAMS 0x0000000704100000, 0x0000000704100000| Untracked 
|  52|0x0000000704200000, 0x0000000704200000, 0x0000000704300000|  0%| F|  |TAMS 0x0000000704200000, 0x0000000704200000| Untracked 
|  53|0x0000000704300000, 0x0000000704300000, 0x0000000704400000|  0%| F|  |TAMS 0x0000000704300000, 0x0000000704300000| Untracked 
|  54|0x0000000704400000, 0x0000000704400000, 0x0000000704500000|  0%| F|  |TAMS 0x0000000704400000, 0x0000000704400000| Untracked 
|  55|0x0000000704500000, 0x0000000704500000, 0x0000000704600000|  0%| F|  |TAMS 0x0000000704500000, 0x0000000704500000| Untracked 
|  56|0x0000000704600000, 0x0000000704600000, 0x0000000704700000|  0%| F|  |TAMS 0x0000000704600000, 0x0000000704600000| Untracked 
|  57|0x0000000704700000, 0x0000000704700000, 0x0000000704800000|  0%| F|  |TAMS 0x0000000704700000, 0x0000000704700000| Untracked 
|  58|0x0000000704800000, 0x0000000704800000, 0x0000000704900000|  0%| F|  |TAMS 0x0000000704800000, 0x0000000704800000| Untracked 
|  59|0x0000000704900000, 0x0000000704900000, 0x0000000704a00000|  0%| F|  |TAMS 0x0000000704900000, 0x0000000704900000| Untracked 
|  60|0x0000000704a00000, 0x0000000704a00000, 0x0000000704b00000|  0%| F|  |TAMS 0x0000000704a00000, 0x0000000704a00000| Untracked 
|  61|0x0000000704b00000, 0x0000000704b00000, 0x0000000704c00000|  0%| F|  |TAMS 0x0000000704b00000, 0x0000000704b00000| Untracked 
|  62|0x0000000704c00000, 0x0000000704c00000, 0x0000000704d00000|  0%| F|  |TAMS 0x0000000704c00000, 0x0000000704c00000| Untracked 
|  63|0x0000000704d00000, 0x0000000704d00000, 0x0000000704e00000|  0%| F|  |TAMS 0x0000000704d00000, 0x0000000704d00000| Untracked 
|  64|0x0000000704e00000, 0x0000000704e00000, 0x0000000704f00000|  0%| F|  |TAMS 0x0000000704e00000, 0x0000000704e00000| Untracked 
|  65|0x0000000704f00000, 0x0000000704f00000, 0x0000000705000000|  0%| F|  |TAMS 0x0000000704f00000, 0x0000000704f00000| Untracked 
|  66|0x0000000705000000, 0x0000000705000000, 0x0000000705100000|  0%| F|  |TAMS 0x0000000705000000, 0x0000000705000000| Untracked 
|  67|0x0000000705100000, 0x0000000705100000, 0x0000000705200000|  0%| F|  |TAMS 0x0000000705100000, 0x0000000705100000| Untracked 
|  68|0x0000000705200000, 0x0000000705200000, 0x0000000705300000|  0%| F|  |TAMS 0x0000000705200000, 0x0000000705200000| Untracked 
|  69|0x0000000705300000, 0x0000000705300000, 0x0000000705400000|  0%| F|  |TAMS 0x0000000705300000, 0x0000000705300000| Untracked 
|  70|0x0000000705400000, 0x0000000705400000, 0x0000000705500000|  0%| F|  |TAMS 0x0000000705400000, 0x0000000705400000| Untracked 
|  71|0x0000000705500000, 0x0000000705500000, 0x0000000705600000|  0%| F|  |TAMS 0x0000000705500000, 0x0000000705500000| Untracked 
|  72|0x0000000705600000, 0x0000000705600000, 0x0000000705700000|  0%| F|  |TAMS 0x0000000705600000, 0x0000000705600000| Untracked 
|  73|0x0000000705700000, 0x0000000705700000, 0x0000000705800000|  0%| F|  |TAMS 0x0000000705700000, 0x0000000705700000| Untracked 
|  74|0x0000000705800000, 0x0000000705800000, 0x0000000705900000|  0%| F|  |TAMS 0x0000000705800000, 0x0000000705800000| Untracked 
|  75|0x0000000705900000, 0x0000000705900000, 0x0000000705a00000|  0%| F|  |TAMS 0x0000000705900000, 0x0000000705900000| Untracked 
|  76|0x0000000705a00000, 0x0000000705a00000, 0x0000000705b00000|  0%| F|  |TAMS 0x0000000705a00000, 0x0000000705a00000| Untracked 
|  77|0x0000000705b00000, 0x0000000705b00000, 0x0000000705c00000|  0%| F|  |TAMS 0x0000000705b00000, 0x0000000705b00000| Untracked 
|  78|0x0000000705c00000, 0x0000000705c00000, 0x0000000705d00000|  0%| F|  |TAMS 0x0000000705c00000, 0x0000000705c00000| Untracked 
|  79|0x0000000705d00000, 0x0000000705d00000, 0x0000000705e00000|  0%| F|  |TAMS 0x0000000705d00000, 0x0000000705d00000| Untracked 
|  80|0x0000000705e00000, 0x0000000705e00000, 0x0000000705f00000|  0%| F|  |TAMS 0x0000000705e00000, 0x0000000705e00000| Untracked 
|  81|0x0000000705f00000, 0x0000000705f00000, 0x0000000706000000|  0%| F|  |TAMS 0x0000000705f00000, 0x0000000705f00000| Untracked 
|  82|0x0000000706000000, 0x0000000706000000, 0x0000000706100000|  0%| F|  |TAMS 0x0000000706000000, 0x0000000706000000| Untracked 
|  83|0x0000000706100000, 0x0000000706100000, 0x0000000706200000|  0%| F|  |TAMS 0x0000000706100000, 0x0000000706100000| Untracked 
|  84|0x0000000706200000, 0x0000000706200000, 0x0000000706300000|  0%| F|  |TAMS 0x0000000706200000, 0x0000000706200000| Untracked 
|  85|0x0000000706300000, 0x0000000706300000, 0x0000000706400000|  0%| F|  |TAMS 0x0000000706300000, 0x0000000706300000| Untracked 
|  86|0x0000000706400000, 0x0000000706400000, 0x0000000706500000|  0%| F|  |TAMS 0x0000000706400000, 0x0000000706400000| Untracked 
|  87|0x0000000706500000, 0x0000000706500000, 0x0000000706600000|  0%| F|  |TAMS 0x0000000706500000, 0x0000000706500000| Untracked 
|  88|0x0000000706600000, 0x0000000706600000, 0x0000000706700000|  0%| F|  |TAMS 0x0000000706600000, 0x0000000706600000| Untracked 
|  89|0x0000000706700000, 0x0000000706700000, 0x0000000706800000|  0%| F|  |TAMS 0x0000000706700000, 0x0000000706700000| Untracked 
|  90|0x0000000706800000, 0x0000000706800000, 0x0000000706900000|  0%| F|  |TAMS 0x0000000706800000, 0x0000000706800000| Untracked 
|  91|0x0000000706900000, 0x0000000706900000, 0x0000000706a00000|  0%| F|  |TAMS 0x0000000706900000, 0x0000000706900000| Untracked 
|  92|0x0000000706a00000, 0x0000000706a00000, 0x0000000706b00000|  0%| F|  |TAMS 0x0000000706a00000, 0x0000000706a00000| Untracked 
|  93|0x0000000706b00000, 0x0000000706b00000, 0x0000000706c00000|  0%| F|  |TAMS 0x0000000706b00000, 0x0000000706b00000| Untracked 
|  94|0x0000000706c00000, 0x0000000706c00000, 0x0000000706d00000|  0%| F|  |TAMS 0x0000000706c00000, 0x0000000706c00000| Untracked 
|  95|0x0000000706d00000, 0x0000000706d00000, 0x0000000706e00000|  0%| F|  |TAMS 0x0000000706d00000, 0x0000000706d00000| Untracked 
|  96|0x0000000706e00000, 0x0000000706e00000, 0x0000000706f00000|  0%| F|  |TAMS 0x0000000706e00000, 0x0000000706e00000| Untracked 
|  97|0x0000000706f00000, 0x0000000706f00000, 0x0000000707000000|  0%| F|  |TAMS 0x0000000706f00000, 0x0000000706f00000| Untracked 
|  98|0x0000000707000000, 0x0000000707000000, 0x0000000707100000|  0%| F|  |TAMS 0x0000000707000000, 0x0000000707000000| Untracked 
|  99|0x0000000707100000, 0x0000000707100000, 0x0000000707200000|  0%| F|  |TAMS 0x0000000707100000, 0x0000000707100000| Untracked 
| 100|0x0000000707200000, 0x0000000707200000, 0x0000000707300000|  0%| F|  |TAMS 0x0000000707200000, 0x0000000707200000| Untracked 
| 101|0x0000000707300000, 0x0000000707300000, 0x0000000707400000|  0%| F|  |TAMS 0x0000000707300000, 0x0000000707300000| Untracked 
| 102|0x0000000707400000, 0x0000000707400000, 0x0000000707500000|  0%| F|  |TAMS 0x0000000707400000, 0x0000000707400000| Untracked 
| 103|0x0000000707500000, 0x0000000707500000, 0x0000000707600000|  0%| F|  |TAMS 0x0000000707500000, 0x0000000707500000| Untracked 
| 104|0x0000000707600000, 0x0000000707600000, 0x0000000707700000|  0%| F|  |TAMS 0x0000000707600000, 0x0000000707600000| Untracked 
| 105|0x0000000707700000, 0x0000000707700000, 0x0000000707800000|  0%| F|  |TAMS 0x0000000707700000, 0x0000000707700000| Untracked 
| 106|0x0000000707800000, 0x0000000707800000, 0x0000000707900000|  0%| F|  |TAMS 0x0000000707800000, 0x0000000707800000| Untracked 
| 107|0x0000000707900000, 0x0000000707900000, 0x0000000707a00000|  0%| F|  |TAMS 0x0000000707900000, 0x0000000707900000| Untracked 
| 108|0x0000000707a00000, 0x0000000707a00000, 0x0000000707b00000|  0%| F|  |TAMS 0x0000000707a00000, 0x0000000707a00000| Untracked 
| 109|0x0000000707b00000, 0x0000000707b00000, 0x0000000707c00000|  0%| F|  |TAMS 0x0000000707b00000, 0x0000000707b00000| Untracked 
| 110|0x0000000707c00000, 0x0000000707c00000, 0x0000000707d00000|  0%| F|  |TAMS 0x0000000707c00000, 0x0000000707c00000| Untracked 
| 111|0x0000000707d00000, 0x0000000707d00000, 0x0000000707e00000|  0%| F|  |TAMS 0x0000000707d00000, 0x0000000707d00000| Untracked 
| 112|0x0000000707e00000, 0x0000000707e00000, 0x0000000707f00000|  0%| F|  |TAMS 0x0000000707e00000, 0x0000000707e00000| Untracked 
| 113|0x0000000707f00000, 0x0000000707f00000, 0x0000000708000000|  0%| F|  |TAMS 0x0000000707f00000, 0x0000000707f00000| Untracked 
| 114|0x0000000708000000, 0x0000000708000000, 0x0000000708100000|  0%| F|  |TAMS 0x0000000708000000, 0x0000000708000000| Untracked 
| 115|0x0000000708100000, 0x0000000708100000, 0x0000000708200000|  0%| F|  |TAMS 0x0000000708100000, 0x0000000708100000| Untracked 
| 116|0x0000000708200000, 0x0000000708200000, 0x0000000708300000|  0%| F|  |TAMS 0x0000000708200000, 0x0000000708200000| Untracked 
| 117|0x0000000708300000, 0x0000000708300000, 0x0000000708400000|  0%| F|  |TAMS 0x0000000708300000, 0x0000000708300000| Untracked 
| 118|0x0000000708400000, 0x0000000708400000, 0x0000000708500000|  0%| F|  |TAMS 0x0000000708400000, 0x0000000708400000| Untracked 
| 119|0x0000000708500000, 0x0000000708500000, 0x0000000708600000|  0%| F|  |TAMS 0x0000000708500000, 0x0000000708500000| Untracked 
| 120|0x0000000708600000, 0x0000000708600000, 0x0000000708700000|  0%| F|  |TAMS 0x0000000708600000, 0x0000000708600000| Untracked 
| 121|0x0000000708700000, 0x0000000708700000, 0x0000000708800000|  0%| F|  |TAMS 0x0000000708700000, 0x0000000708700000| Untracked 
| 122|0x0000000708800000, 0x0000000708800000, 0x0000000708900000|  0%| F|  |TAMS 0x0000000708800000, 0x0000000708800000| Untracked 
| 123|0x0000000708900000, 0x0000000708900000, 0x0000000708a00000|  0%| F|  |TAMS 0x0000000708900000, 0x0000000708900000| Untracked 
| 124|0x0000000708a00000, 0x0000000708a00000, 0x0000000708b00000|  0%| F|  |TAMS 0x0000000708a00000, 0x0000000708a00000| Untracked 
| 125|0x0000000708b00000, 0x0000000708b00000, 0x0000000708c00000|  0%| F|  |TAMS 0x0000000708b00000, 0x0000000708b00000| Untracked 
| 126|0x0000000708c00000, 0x0000000708d00000, 0x0000000708d00000|100%| E|  |TAMS 0x0000000708c00000, 0x0000000708c00000| Complete 
| 127|0x0000000708d00000, 0x0000000708e00000, 0x0000000708e00000|100%| E|CS|TAMS 0x0000000708d00000, 0x0000000708d00000| Complete 
| 128|0x0000000708e00000, 0x0000000708f00000, 0x0000000708f00000|100%| E|CS|TAMS 0x0000000708e00000, 0x0000000708e00000| Complete 
| 129|0x0000000708f00000, 0x0000000709000000, 0x0000000709000000|100%| E|CS|TAMS 0x0000000708f00000, 0x0000000708f00000| Complete 
| 130|0x0000000709000000, 0x0000000709100000, 0x0000000709100000|100%| E|CS|TAMS 0x0000000709000000, 0x0000000709000000| Complete 
| 131|0x0000000709100000, 0x0000000709200000, 0x0000000709200000|100%| E|CS|TAMS 0x0000000709100000, 0x0000000709100000| Complete 
| 132|0x0000000709200000, 0x0000000709300000, 0x0000000709300000|100%| E|CS|TAMS 0x0000000709200000, 0x0000000709200000| Complete 
| 133|0x0000000709300000, 0x0000000709400000, 0x0000000709400000|100%| E|CS|TAMS 0x0000000709300000, 0x0000000709300000| Complete 
| 134|0x0000000709400000, 0x0000000709500000, 0x0000000709500000|100%| E|CS|TAMS 0x0000000709400000, 0x0000000709400000| Complete 
| 135|0x0000000709500000, 0x0000000709600000, 0x0000000709600000|100%| E|CS|TAMS 0x0000000709500000, 0x0000000709500000| Complete 
| 136|0x0000000709600000, 0x0000000709700000, 0x0000000709700000|100%| E|CS|TAMS 0x0000000709600000, 0x0000000709600000| Complete 
| 137|0x0000000709700000, 0x0000000709800000, 0x0000000709800000|100%| E|CS|TAMS 0x0000000709700000, 0x0000000709700000| Complete 
| 138|0x0000000709800000, 0x0000000709900000, 0x0000000709900000|100%| E|CS|TAMS 0x0000000709800000, 0x0000000709800000| Complete 
| 139|0x0000000709900000, 0x0000000709a00000, 0x0000000709a00000|100%| E|CS|TAMS 0x0000000709900000, 0x0000000709900000| Complete 
| 140|0x0000000709a00000, 0x0000000709b00000, 0x0000000709b00000|100%| E|CS|TAMS 0x0000000709a00000, 0x0000000709a00000| Complete 
| 141|0x0000000709b00000, 0x0000000709c00000, 0x0000000709c00000|100%| E|CS|TAMS 0x0000000709b00000, 0x0000000709b00000| Complete 
| 142|0x0000000709c00000, 0x0000000709d00000, 0x0000000709d00000|100%| E|CS|TAMS 0x0000000709c00000, 0x0000000709c00000| Complete 
| 143|0x0000000709d00000, 0x0000000709e00000, 0x0000000709e00000|100%| E|CS|TAMS 0x0000000709d00000, 0x0000000709d00000| Complete 
| 144|0x0000000709e00000, 0x0000000709f00000, 0x0000000709f00000|100%| E|CS|TAMS 0x0000000709e00000, 0x0000000709e00000| Complete 
| 145|0x0000000709f00000, 0x000000070a000000, 0x000000070a000000|100%| E|CS|TAMS 0x0000000709f00000, 0x0000000709f00000| Complete 
| 146|0x000000070a000000, 0x000000070a100000, 0x000000070a100000|100%| E|CS|TAMS 0x000000070a000000, 0x000000070a000000| Complete 
| 147|0x000000070a100000, 0x000000070a200000, 0x000000070a200000|100%| E|CS|TAMS 0x000000070a100000, 0x000000070a100000| Complete 
| 148|0x000000070a200000, 0x000000070a300000, 0x000000070a300000|100%| E|CS|TAMS 0x000000070a200000, 0x000000070a200000| Complete 
| 149|0x000000070a300000, 0x000000070a400000, 0x000000070a400000|100%| E|CS|TAMS 0x000000070a300000, 0x000000070a300000| Complete 
| 150|0x000000070a400000, 0x000000070a500000, 0x000000070a500000|100%| E|CS|TAMS 0x000000070a400000, 0x000000070a400000| Complete 
| 151|0x000000070a500000, 0x000000070a600000, 0x000000070a600000|100%| E|CS|TAMS 0x000000070a500000, 0x000000070a500000| Complete 
| 152|0x000000070a600000, 0x000000070a700000, 0x000000070a700000|100%| E|CS|TAMS 0x000000070a600000, 0x000000070a600000| Complete 
| 153|0x000000070a700000, 0x000000070a800000, 0x000000070a800000|100%| E|CS|TAMS 0x000000070a700000, 0x000000070a700000| Complete 
| 154|0x000000070a800000, 0x000000070a900000, 0x000000070a900000|100%| E|CS|TAMS 0x000000070a800000, 0x000000070a800000| Complete 
| 155|0x000000070a900000, 0x000000070aa00000, 0x000000070aa00000|100%| E|CS|TAMS 0x000000070a900000, 0x000000070a900000| Complete 
| 156|0x000000070aa00000, 0x000000070ab00000, 0x000000070ab00000|100%| E|CS|TAMS 0x000000070aa00000, 0x000000070aa00000| Complete 
| 157|0x000000070ab00000, 0x000000070ac00000, 0x000000070ac00000|100%| E|CS|TAMS 0x000000070ab00000, 0x000000070ab00000| Complete 
| 158|0x000000070ac00000, 0x000000070ad00000, 0x000000070ad00000|100%| E|CS|TAMS 0x000000070ac00000, 0x000000070ac00000| Complete 
| 159|0x000000070ad00000, 0x000000070ae00000, 0x000000070ae00000|100%| E|CS|TAMS 0x000000070ad00000, 0x000000070ad00000| Complete 
| 160|0x000000070ae00000, 0x000000070af00000, 0x000000070af00000|100%| E|CS|TAMS 0x000000070ae00000, 0x000000070ae00000| Complete 
| 161|0x000000070af00000, 0x000000070b000000, 0x000000070b000000|100%| E|CS|TAMS 0x000000070af00000, 0x000000070af00000| Complete 
| 162|0x000000070b000000, 0x000000070b100000, 0x000000070b100000|100%| E|CS|TAMS 0x000000070b000000, 0x000000070b000000| Complete 
| 163|0x000000070b100000, 0x000000070b200000, 0x000000070b200000|100%| E|CS|TAMS 0x000000070b100000, 0x000000070b100000| Complete 
| 164|0x000000070b200000, 0x000000070b300000, 0x000000070b300000|100%| E|CS|TAMS 0x000000070b200000, 0x000000070b200000| Complete 
| 165|0x000000070b300000, 0x000000070b400000, 0x000000070b400000|100%| E|CS|TAMS 0x000000070b300000, 0x000000070b300000| Complete 
| 166|0x000000070b400000, 0x000000070b500000, 0x000000070b500000|100%| E|CS|TAMS 0x000000070b400000, 0x000000070b400000| Complete 
| 167|0x000000070b500000, 0x000000070b600000, 0x000000070b600000|100%| E|CS|TAMS 0x000000070b500000, 0x000000070b500000| Complete 
| 168|0x000000070b600000, 0x000000070b700000, 0x000000070b700000|100%| E|CS|TAMS 0x000000070b600000, 0x000000070b600000| Complete 
| 169|0x000000070b700000, 0x000000070b800000, 0x000000070b800000|100%| E|CS|TAMS 0x000000070b700000, 0x000000070b700000| Complete 
| 170|0x000000070b800000, 0x000000070b900000, 0x000000070b900000|100%| E|CS|TAMS 0x000000070b800000, 0x000000070b800000| Complete 
| 171|0x000000070b900000, 0x000000070ba00000, 0x000000070ba00000|100%| E|CS|TAMS 0x000000070b900000, 0x000000070b900000| Complete 
| 172|0x000000070ba00000, 0x000000070bb00000, 0x000000070bb00000|100%| E|CS|TAMS 0x000000070ba00000, 0x000000070ba00000| Complete 
| 173|0x000000070bb00000, 0x000000070bc00000, 0x000000070bc00000|100%| E|CS|TAMS 0x000000070bb00000, 0x000000070bb00000| Complete 
| 174|0x000000070bc00000, 0x000000070bd00000, 0x000000070bd00000|100%| E|CS|TAMS 0x000000070bc00000, 0x000000070bc00000| Complete 
| 175|0x000000070bd00000, 0x000000070be00000, 0x000000070be00000|100%| E|CS|TAMS 0x000000070bd00000, 0x000000070bd00000| Complete 
| 176|0x000000070be00000, 0x000000070bf00000, 0x000000070bf00000|100%| E|CS|TAMS 0x000000070be00000, 0x000000070be00000| Complete 
| 177|0x000000070bf00000, 0x000000070c000000, 0x000000070c000000|100%| E|CS|TAMS 0x000000070bf00000, 0x000000070bf00000| Complete 
| 178|0x000000070c000000, 0x000000070c100000, 0x000000070c100000|100%| E|CS|TAMS 0x000000070c000000, 0x000000070c000000| Complete 
| 179|0x000000070c100000, 0x000000070c200000, 0x000000070c200000|100%| E|CS|TAMS 0x000000070c100000, 0x000000070c100000| Complete 
| 180|0x000000070c200000, 0x000000070c300000, 0x000000070c300000|100%| E|CS|TAMS 0x000000070c200000, 0x000000070c200000| Complete 
| 181|0x000000070c300000, 0x000000070c400000, 0x000000070c400000|100%| E|CS|TAMS 0x000000070c300000, 0x000000070c300000| Complete 
| 182|0x000000070c400000, 0x000000070c500000, 0x000000070c500000|100%| E|CS|TAMS 0x000000070c400000, 0x000000070c400000| Complete 
| 183|0x000000070c500000, 0x000000070c600000, 0x000000070c600000|100%| E|CS|TAMS 0x000000070c500000, 0x000000070c500000| Complete 
| 184|0x000000070c600000, 0x000000070c700000, 0x000000070c700000|100%| E|CS|TAMS 0x000000070c600000, 0x000000070c600000| Complete 
| 185|0x000000070c700000, 0x000000070c800000, 0x000000070c800000|100%| E|CS|TAMS 0x000000070c700000, 0x000000070c700000| Complete 
| 186|0x000000070c800000, 0x000000070c900000, 0x000000070c900000|100%| E|CS|TAMS 0x000000070c800000, 0x000000070c800000| Complete 
| 187|0x000000070c900000, 0x000000070ca00000, 0x000000070ca00000|100%| E|CS|TAMS 0x000000070c900000, 0x000000070c900000| Complete 
| 188|0x000000070ca00000, 0x000000070cb00000, 0x000000070cb00000|100%| E|CS|TAMS 0x000000070ca00000, 0x000000070ca00000| Complete 
| 189|0x000000070cb00000, 0x000000070cc00000, 0x000000070cc00000|100%| E|CS|TAMS 0x000000070cb00000, 0x000000070cb00000| Complete 
| 190|0x000000070cc00000, 0x000000070cd00000, 0x000000070cd00000|100%| E|CS|TAMS 0x000000070cc00000, 0x000000070cc00000| Complete 
| 191|0x000000070cd00000, 0x000000070ce00000, 0x000000070ce00000|100%| E|CS|TAMS 0x000000070cd00000, 0x000000070cd00000| Complete 
| 192|0x000000070ce00000, 0x000000070cf00000, 0x000000070cf00000|100%| E|CS|TAMS 0x000000070ce00000, 0x000000070ce00000| Complete 
| 193|0x000000070cf00000, 0x000000070d000000, 0x000000070d000000|100%| E|CS|TAMS 0x000000070cf00000, 0x000000070cf00000| Complete 
| 194|0x000000070d000000, 0x000000070d100000, 0x000000070d100000|100%| E|CS|TAMS 0x000000070d000000, 0x000000070d000000| Complete 
| 195|0x000000070d100000, 0x000000070d200000, 0x000000070d200000|100%| E|CS|TAMS 0x000000070d100000, 0x000000070d100000| Complete 
| 196|0x000000070d200000, 0x000000070d300000, 0x000000070d300000|100%| E|CS|TAMS 0x000000070d200000, 0x000000070d200000| Complete 
| 197|0x000000070d300000, 0x000000070d400000, 0x000000070d400000|100%| E|CS|TAMS 0x000000070d300000, 0x000000070d300000| Complete 
| 198|0x000000070d400000, 0x000000070d500000, 0x000000070d500000|100%| E|CS|TAMS 0x000000070d400000, 0x000000070d400000| Complete 
| 199|0x000000070d500000, 0x000000070d600000, 0x000000070d600000|100%| E|CS|TAMS 0x000000070d500000, 0x000000070d500000| Complete 
| 200|0x000000070d600000, 0x000000070d700000, 0x000000070d700000|100%| E|CS|TAMS 0x000000070d600000, 0x000000070d600000| Complete 
| 201|0x000000070d700000, 0x000000070d800000, 0x000000070d800000|100%| E|CS|TAMS 0x000000070d700000, 0x000000070d700000| Complete 
| 202|0x000000070d800000, 0x000000070d900000, 0x000000070d900000|100%| E|CS|TAMS 0x000000070d800000, 0x000000070d800000| Complete 
| 203|0x000000070d900000, 0x000000070da00000, 0x000000070da00000|100%| E|CS|TAMS 0x000000070d900000, 0x000000070d900000| Complete 
| 204|0x000000070da00000, 0x000000070db00000, 0x000000070db00000|100%| E|CS|TAMS 0x000000070da00000, 0x000000070da00000| Complete 
| 205|0x000000070db00000, 0x000000070dc00000, 0x000000070dc00000|100%| E|CS|TAMS 0x000000070db00000, 0x000000070db00000| Complete 
| 206|0x000000070dc00000, 0x000000070dd00000, 0x000000070dd00000|100%| E|CS|TAMS 0x000000070dc00000, 0x000000070dc00000| Complete 
| 207|0x000000070dd00000, 0x000000070de00000, 0x000000070de00000|100%| E|CS|TAMS 0x000000070dd00000, 0x000000070dd00000| Complete 
| 208|0x000000070de00000, 0x000000070df00000, 0x000000070df00000|100%| E|CS|TAMS 0x000000070de00000, 0x000000070de00000| Complete 
| 209|0x000000070df00000, 0x000000070e000000, 0x000000070e000000|100%| E|CS|TAMS 0x000000070df00000, 0x000000070df00000| Complete 
| 210|0x000000070e000000, 0x000000070e100000, 0x000000070e100000|100%| E|CS|TAMS 0x000000070e000000, 0x000000070e000000| Complete 
| 211|0x000000070e100000, 0x000000070e200000, 0x000000070e200000|100%| E|CS|TAMS 0x000000070e100000, 0x000000070e100000| Complete 
| 212|0x000000070e200000, 0x000000070e300000, 0x000000070e300000|100%| E|CS|TAMS 0x000000070e200000, 0x000000070e200000| Complete 
| 213|0x000000070e300000, 0x000000070e400000, 0x000000070e400000|100%| E|CS|TAMS 0x000000070e300000, 0x000000070e300000| Complete 
| 214|0x000000070e400000, 0x000000070e500000, 0x000000070e500000|100%| E|CS|TAMS 0x000000070e400000, 0x000000070e400000| Complete 
| 215|0x000000070e500000, 0x000000070e600000, 0x000000070e600000|100%| E|CS|TAMS 0x000000070e500000, 0x000000070e500000| Complete 
| 216|0x000000070e600000, 0x000000070e700000, 0x000000070e700000|100%| E|CS|TAMS 0x000000070e600000, 0x000000070e600000| Complete 
| 217|0x000000070e700000, 0x000000070e800000, 0x000000070e800000|100%| E|CS|TAMS 0x000000070e700000, 0x000000070e700000| Complete 
| 218|0x000000070e800000, 0x000000070e900000, 0x000000070e900000|100%| E|CS|TAMS 0x000000070e800000, 0x000000070e800000| Complete 
| 219|0x000000070e900000, 0x000000070ea00000, 0x000000070ea00000|100%| E|CS|TAMS 0x000000070e900000, 0x000000070e900000| Complete 
| 220|0x000000070ea00000, 0x000000070eb00000, 0x000000070eb00000|100%| E|CS|TAMS 0x000000070ea00000, 0x000000070ea00000| Complete 
| 221|0x000000070eb00000, 0x000000070ec00000, 0x000000070ec00000|100%| E|CS|TAMS 0x000000070eb00000, 0x000000070eb00000| Complete 
| 222|0x000000070ec00000, 0x000000070ed00000, 0x000000070ed00000|100%| E|CS|TAMS 0x000000070ec00000, 0x000000070ec00000| Complete 
| 223|0x000000070ed00000, 0x000000070ee00000, 0x000000070ee00000|100%| E|CS|TAMS 0x000000070ed00000, 0x000000070ed00000| Complete 
| 224|0x000000070ee00000, 0x000000070eeac050, 0x000000070ef00000| 67%| S|CS|TAMS 0x000000070ee00000, 0x000000070ee00000| Complete 
| 225|0x000000070ef00000, 0x000000070f000000, 0x000000070f000000|100%| E|CS|TAMS 0x000000070ef00000, 0x000000070ef00000| Complete 
| 226|0x000000070f000000, 0x000000070f100000, 0x000000070f100000|100%| E|CS|TAMS 0x000000070f000000, 0x000000070f000000| Complete 
| 227|0x000000070f100000, 0x000000070f200000, 0x000000070f200000|100%| E|CS|TAMS 0x000000070f100000, 0x000000070f100000| Complete 
| 228|0x000000070f200000, 0x000000070f300000, 0x000000070f300000|100%| E|CS|TAMS 0x000000070f200000, 0x000000070f200000| Complete 
| 229|0x000000070f300000, 0x000000070f400000, 0x000000070f400000|100%| E|CS|TAMS 0x000000070f300000, 0x000000070f300000| Complete 
| 230|0x000000070f400000, 0x000000070f500000, 0x000000070f500000|100%| E|CS|TAMS 0x000000070f400000, 0x000000070f400000| Complete 
| 231|0x000000070f500000, 0x000000070f600000, 0x000000070f600000|100%| E|CS|TAMS 0x000000070f500000, 0x000000070f500000| Complete 
| 232|0x000000070f600000, 0x000000070f700000, 0x000000070f700000|100%| E|CS|TAMS 0x000000070f600000, 0x000000070f600000| Complete 
| 233|0x000000070f700000, 0x000000070f800000, 0x000000070f800000|100%| E|CS|TAMS 0x000000070f700000, 0x000000070f700000| Complete 
| 234|0x000000070f800000, 0x000000070f900000, 0x000000070f900000|100%| E|CS|TAMS 0x000000070f800000, 0x000000070f800000| Complete 
| 235|0x000000070f900000, 0x000000070fa00000, 0x000000070fa00000|100%| E|CS|TAMS 0x000000070f900000, 0x000000070f900000| Complete 
| 236|0x000000070fa00000, 0x000000070fb00000, 0x000000070fb00000|100%| E|CS|TAMS 0x000000070fa00000, 0x000000070fa00000| Complete 
| 237|0x000000070fb00000, 0x000000070fc00000, 0x000000070fc00000|100%| E|CS|TAMS 0x000000070fb00000, 0x000000070fb00000| Complete 
| 238|0x000000070fc00000, 0x000000070fd00000, 0x000000070fd00000|100%| E|CS|TAMS 0x000000070fc00000, 0x000000070fc00000| Complete 
| 239|0x000000070fd00000, 0x000000070fe00000, 0x000000070fe00000|100%| E|CS|TAMS 0x000000070fd00000, 0x000000070fd00000| Complete 
| 240|0x000000070fe00000, 0x000000070ff00000, 0x000000070ff00000|100%| E|CS|TAMS 0x000000070fe00000, 0x000000070fe00000| Complete 
| 241|0x000000070ff00000, 0x0000000710000000, 0x0000000710000000|100%| E|CS|TAMS 0x000000070ff00000, 0x000000070ff00000| Complete 
| 242|0x0000000710000000, 0x0000000710100000, 0x0000000710100000|100%| E|CS|TAMS 0x0000000710000000, 0x0000000710000000| Complete 
| 243|0x0000000710100000, 0x0000000710200000, 0x0000000710200000|100%| E|CS|TAMS 0x0000000710100000, 0x0000000710100000| Complete 
| 244|0x0000000710200000, 0x0000000710300000, 0x0000000710300000|100%| E|CS|TAMS 0x0000000710200000, 0x0000000710200000| Complete 
| 245|0x0000000710300000, 0x0000000710400000, 0x0000000710400000|100%| E|CS|TAMS 0x0000000710300000, 0x0000000710300000| Complete 
| 246|0x0000000710400000, 0x0000000710500000, 0x0000000710500000|100%| E|CS|TAMS 0x0000000710400000, 0x0000000710400000| Complete 
| 247|0x0000000710500000, 0x0000000710600000, 0x0000000710600000|100%| E|CS|TAMS 0x0000000710500000, 0x0000000710500000| Complete 
| 248|0x0000000710600000, 0x0000000710700000, 0x0000000710700000|100%| E|CS|TAMS 0x0000000710600000, 0x0000000710600000| Complete 
| 249|0x0000000710700000, 0x0000000710800000, 0x0000000710800000|100%| E|CS|TAMS 0x0000000710700000, 0x0000000710700000| Complete 
| 250|0x0000000710800000, 0x0000000710900000, 0x0000000710900000|100%| E|CS|TAMS 0x0000000710800000, 0x0000000710800000| Complete 
| 251|0x0000000710900000, 0x0000000710a00000, 0x0000000710a00000|100%| E|CS|TAMS 0x0000000710900000, 0x0000000710900000| Complete 
| 252|0x0000000710a00000, 0x0000000710b00000, 0x0000000710b00000|100%| E|CS|TAMS 0x0000000710a00000, 0x0000000710a00000| Complete 
| 253|0x0000000710b00000, 0x0000000710c00000, 0x0000000710c00000|100%| E|CS|TAMS 0x0000000710b00000, 0x0000000710b00000| Complete 
| 254|0x0000000710c00000, 0x0000000710d00000, 0x0000000710d00000|100%| E|CS|TAMS 0x0000000710c00000, 0x0000000710c00000| Complete 
| 255|0x0000000710d00000, 0x0000000710e00000, 0x0000000710e00000|100%| E|CS|TAMS 0x0000000710d00000, 0x0000000710d00000| Complete 

Card table byte_map: [0x0000022c29380000,0x0000022c29b80000] _byte_map_base: 0x0000022c25b79000

Marking Bits (Prev, Next): (CMBitMap*) 0x0000022c1114b4f8, (CMBitMap*) 0x0000022c1114b538
 Prev Bits: [0x0000022c2a380000, 0x0000022c2e348000)
 Next Bits: [0x0000022c2e350000, 0x0000022c32318000)

Polling page: 0x0000022c0ef90000

Metaspace:

Usage:
  Non-class:     10.85 MB capacity,     8.72 MB ( 80%) used,     2.11 MB ( 19%) free+waste,    17.63 KB ( <1%) overhead. 
      Class:    815.00 KB capacity,   514.26 KB ( 63%) used,   293.43 KB ( 36%) free+waste,     7.31 KB ( <1%) overhead. 
       Both:     11.65 MB capacity,     9.22 MB ( 79%) used,     2.40 MB ( 21%) free+waste,    24.94 KB ( <1%) overhead. 

Virtual space:
  Non-class space:       12.00 MB reserved,      11.00 MB ( 92%) committed 
      Class space:        1.00 GB reserved,     896.00 KB ( <1%) committed 
             Both:        1.01 GB reserved,      11.88 MB (  1%) committed 

Chunk freelists:
   Non-Class:  24.00 KB
       Class:  17.00 KB
        Both:  41.00 KB

MaxMetaspaceSize: 17179869184.00 GB
CompressedClassSpaceSize: 1.00 GB

CodeHeap 'non-profiled nmethods': size=120000Kb used=810Kb max_used=810Kb free=119189Kb
 bounds [0x0000022c21320000, 0x0000022c21590000, 0x0000022c28850000]
CodeHeap 'profiled nmethods': size=120000Kb used=2822Kb max_used=2822Kb free=117177Kb
 bounds [0x0000022c19df0000, 0x0000022c1a0c0000, 0x0000022c21320000]
CodeHeap 'non-nmethods': size=5760Kb used=1887Kb max_used=1887Kb free=3872Kb
 bounds [0x0000022c19850000, 0x0000022c19ac0000, 0x0000022c19df0000]
 total_blobs=3437 nmethods=1421 adapters=1165
 compilation: enabled
              stopped_count=0, restarted_count=0
 full_count=0

Compilation events (20 events):
Event: 1.866 Thread 0x0000022c3577d000 nmethod 1380 0x0000022c1a099110 code [0x0000022c1a0992c0, 0x0000022c1a0994b8]
Event: 1.866 Thread 0x0000022c3577d000 1381       3       sun.nio.ch.Util::offerFirstTemporaryDirectBuffer (53 bytes)
Event: 1.866 Thread 0x0000022c3577d000 nmethod 1381 0x0000022c1a099590 code [0x0000022c1a0997e0, 0x0000022c1a09a1f8]
Event: 1.866 Thread 0x0000022c3577d000 1382       3       sun.nio.ch.Util$BufferCache::next (8 bytes)
Event: 1.866 Thread 0x0000022c3577d000 nmethod 1382 0x0000022c1a09a510 code [0x0000022c1a09a6a0, 0x0000022c1a09a7f8]
Event: 1.870 Thread 0x0000022c3631a000 nmethod 1371 0x0000022c213e0090 code [0x0000022c213e03e0, 0x0000022c213e2398]
Event: 1.872 Thread 0x0000022c3577d000 1383       3       sun.nio.ch.IOStatus::normalize (10 bytes)
Event: 1.872 Thread 0x0000022c3577d000 nmethod 1383 0x0000022c1a09a890 code [0x0000022c1a09aa20, 0x0000022c1a09ab58]
Event: 1.872 Thread 0x0000022c3577d000 1384       3       sun.nio.ch.FileChannelImpl::endBlocking (13 bytes)
Event: 1.872 Thread 0x0000022c3577d000 nmethod 1384 0x0000022c1a09ac10 code [0x0000022c1a09adc0, 0x0000022c1a09af68]
Event: 1.873 Thread 0x0000022c3577d000 1385       3       java.io.FileDescriptor$1::getAppend (5 bytes)
Event: 1.873 Thread 0x0000022c3577d000 nmethod 1385 0x0000022c1a09b010 code [0x0000022c1a09b1a0, 0x0000022c1a09b2d8]
Event: 1.873 Thread 0x0000022c3577d000 1386       3       sun.nio.ch.Util$BufferCache::offerFirst (73 bytes)
Event: 1.873 Thread 0x0000022c3577d000 nmethod 1386 0x0000022c1a09b390 code [0x0000022c1a09b540, 0x0000022c1a09b8d8]
Event: 1.873 Thread 0x0000022c3577d000 1387  s    3       java.nio.channels.Channels$1::write (107 bytes)
Event: 1.873 Thread 0x0000022c3577d000 nmethod 1387 0x0000022c1a09ba10 code [0x0000022c1a09bc60, 0x0000022c1a09c918]
Event: 1.874 Thread 0x0000022c3577d000 1389       3       java.nio.channels.Channels::writeFullyImpl (33 bytes)
Event: 1.874 Thread 0x0000022c3577d000 nmethod 1389 0x0000022c1a09cd10 code [0x0000022c1a09cee0, 0x0000022c1a09d2d8]
Event: 1.874 Thread 0x0000022c3577d000 1388   !   3       java.nio.channels.Channels::writeFully (60 bytes)
Event: 1.874 Thread 0x0000022c3577d000 nmethod 1388 0x0000022c1a09d490 code [0x0000022c1a09d720, 0x0000022c1a09e5c8]

GC Heap History (4 events):
Event: 1.047 GC heap before
{Heap before GC invocations=0 (full 0):
 garbage-first heap   total 262144K, used 23552K [0x0000000700e00000, 0x0000000800000000)
  region size 1024K, 23 young (23552K), 0 survivors (0K)
 Metaspace       used 2981K, capacity 5703K, committed 6016K, reserved 1056768K
  class space    used 247K, capacity 526K, committed 640K, reserved 1048576K
}
Event: 1.063 GC heap after
{Heap after GC invocations=1 (full 0):
 garbage-first heap   total 262144K, used 4377K [0x0000000700e00000, 0x0000000800000000)
  region size 1024K, 3 young (3072K), 3 survivors (3072K)
 Metaspace       used 2981K, capacity 5703K, committed 6016K, reserved 1056768K
  class space    used 247K, capacity 526K, committed 640K, reserved 1048576K
}
Event: 1.344 GC heap before
{Heap before GC invocations=1 (full 0):
 garbage-first heap   total 262144K, used 33049K [0x0000000700e00000, 0x0000000800000000)
  region size 1024K, 31 young (31744K), 3 survivors (3072K)
 Metaspace       used 5292K, capacity 7995K, committed 8320K, reserved 1056768K
  class space    used 308K, capacity 590K, committed 640K, reserved 1048576K
}
Event: 1.346 GC heap after
{Heap after GC invocations=2 (full 0):
 garbage-first heap   total 262144K, used 5044K [0x0000000700e00000, 0x0000000800000000)
  region size 1024K, 1 young (1024K), 1 survivors (1024K)
 Metaspace       used 5292K, capacity 7995K, committed 8320K, reserved 1056768K
  class space    used 308K, capacity 590K, committed 640K, reserved 1048576K
}

Deoptimization events (20 events):
Event: 1.846 Thread 0x0000022c357e2800 DEOPT PACKING pc=0x0000022c1a09119d sp=0x000000f25c0ff310
Event: 1.846 Thread 0x0000022c357e2800 DEOPT UNPACKING pc=0x0000022c1989964e sp=0x000000f25c0fe818 mode 0
Event: 1.847 Thread 0x0000022c357e2800 DEOPT PACKING pc=0x0000022c1a09119d sp=0x000000f25c0ff310
Event: 1.847 Thread 0x0000022c357e2800 DEOPT UNPACKING pc=0x0000022c1989964e sp=0x000000f25c0fe818 mode 0
Event: 1.847 Thread 0x0000022c357e2800 DEOPT PACKING pc=0x0000022c1a09119d sp=0x000000f25c0ff310
Event: 1.847 Thread 0x0000022c357e2800 DEOPT UNPACKING pc=0x0000022c1989964e sp=0x000000f25c0fe818 mode 0
Event: 1.848 Thread 0x0000022c357e2800 DEOPT PACKING pc=0x0000022c1a09119d sp=0x000000f25c0ff310
Event: 1.848 Thread 0x0000022c357e2800 DEOPT UNPACKING pc=0x0000022c1989964e sp=0x000000f25c0fe818 mode 0
Event: 1.848 Thread 0x0000022c357e2800 Uncommon trap: trap_request=0xffffff45 fr.pc=0x0000022c213dbed8 relative=0x00000000000003b8
Event: 1.848 Thread 0x0000022c357e2800 Uncommon trap: reason=unstable_if action=reinterpret pc=0x0000022c213dbed8 method=java.util.concurrent.ConcurrentHashMap$EntrySetView.iterator()Ljava/util/Iterator; @ 11 c2
Event: 1.848 Thread 0x0000022c357e2800 DEOPT PACKING pc=0x0000022c213dbed8 sp=0x000000f25c0ff280
Event: 1.848 Thread 0x0000022c357e2800 DEOPT UNPACKING pc=0x0000022c1989912f sp=0x000000f25c0ff260 mode 2
Event: 1.858 Thread 0x0000022c357e2800 Uncommon trap: trap_request=0xffffff45 fr.pc=0x0000022c2139c9fc relative=0x00000000000000bc
Event: 1.858 Thread 0x0000022c357e2800 Uncommon trap: reason=unstable_if action=reinterpret pc=0x0000022c2139c9fc method=java.util.HashSet.add(Ljava/lang/Object;)Z @ 11 c2
Event: 1.858 Thread 0x0000022c357e2800 DEOPT PACKING pc=0x0000022c2139c9fc sp=0x000000f25c0fe340
Event: 1.858 Thread 0x0000022c357e2800 DEOPT UNPACKING pc=0x0000022c1989912f sp=0x000000f25c0fe2e0 mode 2
Event: 1.858 Thread 0x0000022c357e2800 Uncommon trap: trap_request=0xffffffde fr.pc=0x0000022c213a4dfc relative=0x00000000000003fc
Event: 1.858 Thread 0x0000022c357e2800 Uncommon trap: reason=class_check action=maybe_recompile pc=0x0000022c213a4dfc method=java.util.HashSet.iterator()Ljava/util/Iterator; @ 4 c2
Event: 1.858 Thread 0x0000022c357e2800 DEOPT PACKING pc=0x0000022c213a4dfc sp=0x000000f25c0fe160
Event: 1.858 Thread 0x0000022c357e2800 DEOPT UNPACKING pc=0x0000022c1989912f sp=0x000000f25c0fe140 mode 2

Classes unloaded (0 events):
No events

Classes redefined (0 events):
No events

Internal exceptions (17 events):
Event: 0.539 Thread 0x0000022c110e6800 Implicit null exception at 0x0000022c21348858 to 0x0000022c21348a2c
Event: 0.561 Thread 0x0000022c110e6800 Exception <a 'java/lang/NoSuchMethodError'{0x000000070ffbfa70}: 'void java.lang.invoke.DirectMethodHandle$Holder.invokeSpecial(java.lang.Object, java.lang.Object)'> (0x000000070ffbfa70) 
thrown [./open/src/hotspot/share/interpreter/linkResolver.cpp, line 766]
Event: 0.587 Thread 0x0000022c357de800 Exception <a 'java/lang/NoSuchMethodError'{0x000000070fee6a98}: 'void java.lang.invoke.DelegatingMethodHandle$Holder.delegate(java.lang.Object, java.lang.Object, int, java.lang.Object)'> (0x000000070fee6a98) 
thrown [./open/src/hotspot/share/interpreter/linkResolver.cpp, line 766]
Event: 0.588 Thread 0x0000022c357de800 Exception <a 'java/lang/NoSuchMethodError'{0x000000070feed798}: 'java.lang.Object java.lang.invoke.DirectMethodHandle$Holder.invokeStaticInit(java.lang.Object, java.lang.Object, java.lang.Object)'> (0x000000070feed798) 
thrown [./open/src/hotspot/share/interpreter/linkResolver.cpp, line 766]
Event: 0.618 Thread 0x0000022c357de800 Exception <a 'sun/nio/fs/WindowsException'{0x000000070fd4fe08}> (0x000000070fd4fe08) 
thrown [./open/src/hotspot/share/prims/jni.cpp, line 599]
Event: 0.618 Thread 0x0000022c357de800 Exception <a 'sun/nio/fs/WindowsException'{0x000000070fd50360}> (0x000000070fd50360) 
thrown [./open/src/hotspot/share/prims/jni.cpp, line 599]
Event: 0.629 Thread 0x0000022c357de800 Exception <a 'sun/nio/fs/WindowsException'{0x000000070fc08d90}> (0x000000070fc08d90) 
thrown [./open/src/hotspot/share/prims/jni.cpp, line 599]
Event: 0.629 Thread 0x0000022c357de800 Exception <a 'sun/nio/fs/WindowsException'{0x000000070fc09100}> (0x000000070fc09100) 
thrown [./open/src/hotspot/share/prims/jni.cpp, line 599]
Event: 0.736 Thread 0x0000022c357de800 Exception <a 'java/lang/NoSuchMethodError'{0x000000070fbc4c88}: 'java.lang.Object java.lang.invoke.DirectMethodHandle$Holder.invokeStatic(java.lang.Object, int, java.lang.Object)'> (0x000000070fbc4c88) 
thrown [./open/src/hotspot/share/interpreter/linkResolver.cpp, line 766]
Event: 1.012 Thread 0x0000022c357de800 Exception <a 'sun/nio/fs/WindowsException'{0x000000070f95f390}> (0x000000070f95f390) 
thrown [./open/src/hotspot/share/prims/jni.cpp, line 599]
Event: 1.012 Thread 0x0000022c357de800 Exception <a 'sun/nio/fs/WindowsException'{0x000000070f95f730}> (0x000000070f95f730) 
thrown [./open/src/hotspot/share/prims/jni.cpp, line 599]
Event: 1.043 Thread 0x0000022c357de800 Exception <a 'sun/nio/fs/WindowsException'{0x000000070f7a3f78}> (0x000000070f7a3f78) 
thrown [./open/src/hotspot/share/prims/jni.cpp, line 599]
Event: 1.044 Thread 0x0000022c357de800 Exception <a 'sun/nio/fs/WindowsException'{0x000000070f7a4328}> (0x000000070f7a4328) 
thrown [./open/src/hotspot/share/prims/jni.cpp, line 599]
Event: 1.067 Thread 0x0000022c357de800 Exception <a 'sun/nio/fs/WindowsException'{0x0000000710dfda30}> (0x0000000710dfda30) 
thrown [./open/src/hotspot/share/prims/jni.cpp, line 599]
Event: 1.067 Thread 0x0000022c357de800 Exception <a 'sun/nio/fs/WindowsException'{0x0000000710dfdd18}> (0x0000000710dfdd18) 
thrown [./open/src/hotspot/share/prims/jni.cpp, line 599]
Event: 1.457 Thread 0x0000022c357de800 Exception <a 'sun/nio/fs/WindowsException'{0x000000070f9eb140}> (0x000000070f9eb140) 
thrown [./open/src/hotspot/share/prims/jni.cpp, line 599]
Event: 1.457 Thread 0x0000022c357de800 Exception <a 'sun/nio/fs/WindowsException'{0x000000070f9eb4c8}> (0x000000070f9eb4c8) 
thrown [./open/src/hotspot/share/prims/jni.cpp, line 599]

Events (20 events):
Event: 1.881 Executing VM operation: HandshakeOneThread
Event: 1.881 Executing VM operation: HandshakeOneThread done
Event: 1.882 Executing VM operation: HandshakeOneThread
Event: 1.882 Executing VM operation: HandshakeOneThread done
Event: 1.884 Executing VM operation: HandshakeOneThread
Event: 1.884 Executing VM operation: HandshakeOneThread done
Event: 1.884 Executing VM operation: HandshakeOneThread
Event: 1.884 Executing VM operation: HandshakeOneThread done
Event: 1.890 Executing VM operation: HandshakeOneThread
Event: 1.890 Executing VM operation: HandshakeOneThread done
Event: 1.891 Executing VM operation: HandshakeOneThread
Event: 1.891 Executing VM operation: HandshakeOneThread done
Event: 1.891 Executing VM operation: HandshakeOneThread
Event: 1.891 Executing VM operation: HandshakeOneThread done
Event: 1.892 Executing VM operation: HandshakeOneThread
Event: 1.892 Executing VM operation: HandshakeOneThread done
Event: 1.892 Executing VM operation: HandshakeOneThread
Event: 1.892 Executing VM operation: HandshakeOneThread done
Event: 1.893 Executing VM operation: HandshakeOneThread
Event: 1.893 Executing VM operation: HandshakeOneThread done


Dynamic libraries:
0x00007ff7d34a0000 - 0x00007ff7d34ad000 	C:\Program Files\Java\jdk-14.0.1\bin\java.exe
0x00007ff9e6d20000 - 0x00007ff9e6f10000 	C:\Windows\SYSTEM32\ntdll.dll
0x00007ff9e5fa0000 - 0x00007ff9e6052000 	C:\Windows\System32\KERNEL32.DLL
0x00007ff9e3e40000 - 0x00007ff9e40e4000 	C:\Windows\System32\KERNELBASE.dll
0x00007ff9e4a20000 - 0x00007ff9e4b1a000 	C:\Windows\System32\ucrtbase.dll
0x00007ff9d4010000 - 0x00007ff9d4028000 	C:\Program Files\Java\jdk-14.0.1\bin\jli.dll
0x00007ff9e4e30000 - 0x00007ff9e4fc4000 	C:\Windows\System32\USER32.dll
0x00007ff9d3ff0000 - 0x00007ff9d4005000 	C:\Program Files\Java\jdk-14.0.1\bin\VCRUNTIME140.dll
0x00007ff9e40f0000 - 0x00007ff9e4111000 	C:\Windows\System32\win32u.dll
0x00007ff9d3180000 - 0x00007ff9d3404000 	C:\Windows\WinSxS\amd64_microsoft.windows.common-controls_6595b64144ccf1df_6.0.18362.959_none_e6c7bbbf130c62bb\COMCTL32.dll
0x00007ff9e5250000 - 0x00007ff9e5276000 	C:\Windows\System32\GDI32.dll
0x00007ff9e67f0000 - 0x00007ff9e688e000 	C:\Windows\System32\msvcrt.dll
0x00007ff9e3ca0000 - 0x00007ff9e3e36000 	C:\Windows\System32\gdi32full.dll
0x00007ff9e48b0000 - 0x00007ff9e494e000 	C:\Windows\System32\msvcp_win.dll
0x00007ff9e6890000 - 0x00007ff9e6bc5000 	C:\Windows\System32\combase.dll
0x00007ff9e5e00000 - 0x00007ff9e5f20000 	C:\Windows\System32\RPCRT4.dll
0x00007ff9e4950000 - 0x00007ff9e49d0000 	C:\Windows\System32\bcryptPrimitives.dll
0x00007ff9e67c0000 - 0x00007ff9e67ee000 	C:\Windows\System32\IMM32.DLL
0x00007ff9d2800000 - 0x00007ff9d289b000 	C:\Program Files\Java\jdk-14.0.1\bin\msvcp140.dll
0x00007ff9ae1b0000 - 0x00007ff9aecce000 	C:\Program Files\Java\jdk-14.0.1\bin\server\jvm.dll
0x00007ff9e65d0000 - 0x00007ff9e6673000 	C:\Windows\System32\ADVAPI32.dll
0x00007ff9e6210000 - 0x00007ff9e62a7000 	C:\Windows\System32\sechost.dll
0x00007ff9e6cd0000 - 0x00007ff9e6cd8000 	C:\Windows\System32\PSAPI.DLL
0x00007ff9e1d00000 - 0x00007ff9e1d09000 	C:\Windows\SYSTEM32\WSOCK32.dll
0x00007ff9e16e0000 - 0x00007ff9e1704000 	C:\Windows\SYSTEM32\WINMM.dll
0x00007ff9de7e0000 - 0x00007ff9de7ea000 	C:\Windows\SYSTEM32\VERSION.dll
0x00007ff9e6310000 - 0x00007ff9e637f000 	C:\Windows\System32\WS2_32.dll
0x00007ff9e16b0000 - 0x00007ff9e16dd000 	C:\Windows\SYSTEM32\winmmbase.dll
0x00007ff9e49d0000 - 0x00007ff9e4a1a000 	C:\Windows\System32\cfgmgr32.dll
0x00007ff9e3c80000 - 0x00007ff9e3c91000 	C:\Windows\System32\kernel.appcore.dll
0x00007ff9d3fe0000 - 0x00007ff9d3fea000 	C:\Program Files\Java\jdk-14.0.1\bin\jimage.dll
0x00007ff9dd7e0000 - 0x00007ff9dd9d4000 	C:\Windows\SYSTEM32\DBGHELP.DLL
0x00007ff9dd5e0000 - 0x00007ff9dd60a000 	C:\Windows\SYSTEM32\dbgcore.DLL
0x00007ff9d27c0000 - 0x00007ff9d27f8000 	C:\Program Files\Java\jdk-14.0.1\bin\jdwp.dll
0x00007ff9d36b0000 - 0x00007ff9d36d5000 	C:\Program Files\Java\jdk-14.0.1\bin\java.dll
0x00007ff9d3fc0000 - 0x00007ff9d3fd6000 	C:\Program Files\Java\jdk-14.0.1\bin\zip.dll
0x00007ff9e52a0000 - 0x00007ff9e5986000 	C:\Windows\System32\SHELL32.dll
0x00007ff9e4fd0000 - 0x00007ff9e5079000 	C:\Windows\System32\shcore.dll
0x00007ff9e4120000 - 0x00007ff9e48a2000 	C:\Windows\System32\windows.storage.dll
0x00007ff9e3c30000 - 0x00007ff9e3c53000 	C:\Windows\System32\profapi.dll
0x00007ff9e3be0000 - 0x00007ff9e3c2a000 	C:\Windows\System32\powrprof.dll
0x00007ff9e3bd0000 - 0x00007ff9e3be0000 	C:\Windows\System32\UMPDC.dll
0x00007ff9e5f30000 - 0x00007ff9e5f82000 	C:\Windows\System32\shlwapi.dll
0x00007ff9e4db0000 - 0x00007ff9e4dc7000 	C:\Windows\System32\cryptsp.dll
0x00007ff9d3f00000 - 0x00007ff9d3f0b000 	C:\Program Files\Java\jdk-14.0.1\bin\dt_socket.dll
0x00007ff9e3150000 - 0x00007ff9e318a000 	C:\Windows\SYSTEM32\IPHLPAPI.DLL
0x00007ff9e3440000 - 0x00007ff9e34a7000 	C:\Windows\system32\mswsock.dll
0x00007ff9d1f40000 - 0x00007ff9d1f59000 	C:\Program Files\Java\jdk-14.0.1\bin\net.dll
0x00007ff9db310000 - 0x00007ff9db400000 	C:\Windows\SYSTEM32\WINHTTP.dll
0x00007ff9d1f20000 - 0x00007ff9d1f32000 	C:\Program Files\Java\jdk-14.0.1\bin\nio.dll
0x00007ff9d1e10000 - 0x00007ff9d1e74000 	C:\Users\okang\AppData\Local\Temp\lwjglokang\3.2.3-build-13\lwjgl.dll
0x00007ff9c93a0000 - 0x00007ff9c9402000 	C:\Users\okang\AppData\Local\Temp\lwjglokang\3.2.3-build-13\glfw.dll
0x00007ff9e1ea0000 - 0x00007ff9e1f39000 	C:\Windows\system32\uxtheme.dll
0x00007ff9bfac0000 - 0x00007ff9bfb03000 	C:\Windows\SYSTEM32\dinput8.dll
0x00007ff9d1f00000 - 0x00007ff9d1f11000 	C:\Windows\SYSTEM32\xinput1_4.dll
0x00007ff9e39d0000 - 0x00007ff9e39fa000 	C:\Windows\SYSTEM32\DEVOBJ.dll
0x00007ff9e2370000 - 0x00007ff9e239d000 	C:\Windows\SYSTEM32\dwmapi.dll
0x00007ff9d1a60000 - 0x00007ff9d1b7b000 	C:\Windows\SYSTEM32\inputhost.dll
0x00007ff9df0b0000 - 0x00007ff9df3da000 	C:\Windows\SYSTEM32\CoreUIComponents.dll
0x00007ff9e1710000 - 0x00007ff9e17e4000 	C:\Windows\SYSTEM32\CoreMessaging.dll
0x00007ff9e03a0000 - 0x00007ff9e0490000 	C:\Windows\SYSTEM32\PROPSYS.dll
0x00007ff9df660000 - 0x00007ff9df7b3000 	C:\Windows\SYSTEM32\wintypes.dll
0x00007ff9e6500000 - 0x00007ff9e65c5000 	C:\Windows\System32\OLEAUT32.dll
0x00007ff9e2c30000 - 0x00007ff9e2c61000 	C:\Windows\SYSTEM32\ntmarta.dll
0x00007ff9e6680000 - 0x00007ff9e67b5000 	C:\Windows\System32\MSCTF.dll
0x00007ff9e27e0000 - 0x00007ff9e27ee000 	C:\Windows\SYSTEM32\HID.DLL
0x00007ff9e5990000 - 0x00007ff9e5e00000 	C:\Windows\System32\SETUPAPI.DLL
0x00007ff9e4c70000 - 0x00007ff9e4c96000 	C:\Windows\System32\bcrypt.dll
0x00007ff9e4ca0000 - 0x00007ff9e4cfc000 	C:\Windows\System32\WINTRUST.dll
0x00007ff9e3c60000 - 0x00007ff9e3c72000 	C:\Windows\System32\MSASN1.dll
0x00007ff9e4b20000 - 0x00007ff9e4c69000 	C:\Windows\System32\CRYPT32.dll
0x00007ff9c5300000 - 0x00007ff9c5456000 	C:\Windows\SYSTEM32\opengl32.dll
0x00007ff9ccb60000 - 0x00007ff9ccb8c000 	C:\Windows\SYSTEM32\GLU32.dll
0x00007ff9e2840000 - 0x00007ff9e2860000 	C:\Windows\SYSTEM32\dxcore.dll
0x00007ff975ce0000 - 0x00007ff978525000 	C:\Windows\System32\DriverStore\FileRepository\nv_dispi.inf_amd64_e92a0ac2e05fb2ca\nvoglv64.dll
0x00007ff9e5080000 - 0x00007ff9e51d7000 	C:\Windows\System32\ole32.dll
0x00007ff9e0590000 - 0x00007ff9e05a3000 	C:\Windows\SYSTEM32\WTSAPI32.dll
0x00007ff9b0ac0000 - 0x00007ff9b0d6e000 	C:\Windows\system32\nvspcap64.dll
0x00007ff9e2ca0000 - 0x00007ff9e2cf6000 	C:\Windows\SYSTEM32\WINSTA.dll
0x00007ff9d21b0000 - 0x00007ff9d224e000 	C:\Windows\System32\TextInputFramework.dll
0x00007ff9d7890000 - 0x00007ff9d7b36000 	C:\Windows\System32\iertutil.dll
0x00007ff9adf50000 - 0x00007ff9ae1a3000 	C:\Users\okang\AppData\Local\Temp\lwjglokang\3.2.3-build-13\jemalloc.dll
0x00007ff9beea0000 - 0x00007ff9beef9000 	C:\Users\okang\AppData\Local\Temp\lwjglokang\3.2.3-build-13\lwjgl_opengl.dll
0x00007ff9bd9f0000 - 0x00007ff9bda67000 	C:\Users\okang\AppData\Local\Temp\lwjglokang\3.2.3-build-13\lwjgl_stb.dll
0x00007ff9d3f40000 - 0x00007ff9d3f50000 	C:\Program Files\Java\jdk-14.0.1\bin\verify.dll
0x000000006f6c0000 - 0x000000006f897000 	C:\Users\okang\AppData\Local\Temp\imgui-java-bin_okang\imgui-java64.dll
0x00007ff9e2fb0000 - 0x00007ff9e2fe3000 	C:\Windows\system32\rsaenh.dll
0x00007ff9e3610000 - 0x00007ff9e361c000 	C:\Windows\SYSTEM32\CRYPTBASE.dll

dbghelp: loaded successfully - version: 4.0.5 - missing functions: none
symbol engine: initialized successfully - sym options: 0x614 - pdb path: .;C:\Program Files\Java\jdk-14.0.1\bin;C:\Windows\SYSTEM32;C:\Windows\WinSxS\amd64_microsoft.windows.common-controls_6595b64144ccf1df_6.0.18362.959_none_e6c7bbbf130c62bb;C:\Program Files\Java\jdk-14.0.1\bin\server;C:\Users\okang\AppData\Local\Temp\lwjglokang\3.2.3-build-13;C:\Windows\System32\DriverStore\FileRepository\nv_dispi.inf_amd64_e92a0ac2e05fb2ca;C:\Users\okang\AppData\Local\Temp\imgui-java-bin_okang

VM Arguments:
jvm_args: -agentlib:jdwp=transport=dt_socket,address=127.0.0.1:57958,suspend=y,server=n --enable-preview -Dfile.encoding=UTF-8 
java_command: OxyEngineEditor.Sandbox.Sandbox3D
java_class_path (initial): D:\programming\Java\OxyEngine\target\classes;D:\programming\LWJGL\lwjgl-3.2.3\lwjgl\lwjgl.jar;D:\programming\LWJGL\lwjgl-3.2.3\lwjgl\lwjgl-javadoc.jar;D:\programming\LWJGL\lwjgl-3.2.3\lwjgl\lwjgl-sources.jar;D:\programming\LWJGL\lwjgl-3.2.3\lwjgl\lwjgl-natives-linux.jar;D:\programming\LWJGL\lwjgl-3.2.3\lwjgl\lwjgl-natives-macos.jar;D:\programming\LWJGL\lwjgl-3.2.3\lwjgl\lwjgl-natives-windows.jar;D:\programming\LWJGL\lwjgl-3.2.3\lwjgl\lwjgl-natives-linux-arm32.jar;D:\programming\LWJGL\lwjgl-3.2.3\lwjgl\lwjgl-natives-linux-arm64.jar;D:\programming\LWJGL\lwjgl-3.2.3\lwjgl\lwjgl-natives-windows-x86.jar;D:\programming\LWJGL\lwjgl-3.2.3\lwjgl-assimp\lwjgl-assimp.jar;D:\programming\LWJGL\lwjgl-3.2.3\lwjgl-assimp\lwjgl-assimp-javadoc.jar;D:\programming\LWJGL\lwjgl-3.2.3\lwjgl-assimp\lwjgl-assimp-sources.jar;D:\programming\LWJGL\lwjgl-3.2.3\lwjgl-assimp\lwjgl-assimp-natives-linux.jar;D:\programming\LWJGL\lwjgl-3.2.3\lwjgl-assimp\lwjgl-assimp-natives-macos.jar;D:\programming\LWJGL\lwjgl-3.2.3\lwjgl-assimp\lwjgl-assimp-natives-windows.jar;D:\programming\LWJGL\lwjgl-3.2.3\lwjgl-assimp\lwjgl-assimp-natives-linux-arm32.jar;D:\programming\LWJGL\lwjgl-3.2.3\lwjgl-assimp\lwjgl-assimp-natives-linux-arm64.jar;D:\programming\LWJGL\lwjgl-3.2.3\lwjgl-assimp\lwjgl-assimp-natives-windows-x86.jar;D:\programming\LWJGL\lwjgl-3.2.3\lwjgl-bgfx\lwjgl-bgfx.jar;D:\programming\LWJGL\lwjgl-3.2.3\lwjgl-bgfx\lwjgl-bgfx-javadoc.jar;D:\programming\LWJGL\lwjgl-3.2.3\lwjgl-bgfx\lwjgl-bgfx-sources.jar;D:\programming\LWJGL\lwjgl-3.2.3\lwjgl-bgfx\lwjgl-bgfx-natives-linux.jar;D:\programming\LWJGL\lwjgl-3.2.3\lwjgl-bgfx\lwjgl-bgfx-natives-macos.jar;D:\programming\LWJGL\lwjgl-3.2.3\lwjgl-bgfx\lwjgl-bgfx-natives-windows.jar;D:\programming\LWJGL\lwjgl-3.2.3\lwjgl-bgfx\lwjgl-bgfx-natives-linux-arm32.jar;D:\programming\LWJGL\lwjgl-3.2.3\lwjgl-bgfx\lwjgl-bgfx-natives-linux-arm64.jar;D:\programming\LWJGL\lwjgl-3.2.3\lwjgl-bgfx\lwjgl-bgfx-natives-windows-x86.jar;D:\programming\LWJGL\lwjgl-
Launcher Type: SUN_STANDARD

[Global flags]
     intx CICompilerCount                          = 4                                         {product} {ergonomic}
     uint ConcGCThreads                            = 2                                         {product} {ergonomic}
     uint G1ConcRefinementThreads                  = 8                                         {product} {ergonomic}
   size_t G1HeapRegionSize                         = 1048576                                   {product} {ergonomic}
    uintx GCDrainStackTargetSize                   = 64                                        {product} {ergonomic}
   size_t InitialHeapSize                          = 268435456                                 {product} {ergonomic}
   size_t MarkStackSize                            = 4194304                                   {product} {ergonomic}
   size_t MaxHeapSize                              = 4280287232                                {product} {ergonomic}
   size_t MaxNewSize                               = 2567962624                                {product} {ergonomic}
   size_t MinHeapDeltaBytes                        = 1048576                                   {product} {ergonomic}
   size_t MinHeapSize                              = 8388608                                   {product} {ergonomic}
    uintx NonNMethodCodeHeapSize                   = 5839372                                {pd product} {ergonomic}
    uintx NonProfiledCodeHeapSize                  = 122909434                              {pd product} {ergonomic}
    uintx ProfiledCodeHeapSize                     = 122909434                              {pd product} {ergonomic}
    uintx ReservedCodeCacheSize                    = 251658240                              {pd product} {ergonomic}
     bool SegmentedCodeCache                       = true                                      {product} {ergonomic}
   size_t SoftMaxHeapSize                          = 4280287232                             {manageable} {ergonomic}
     bool UseCompressedClassPointers               = true                                 {lp64_product} {ergonomic}
     bool UseCompressedOops                        = true                                 {lp64_product} {ergonomic}
     bool UseG1GC                                  = true                                      {product} {ergonomic}
     bool UseLargePagesIndividualAllocation        = false                                  {pd product} {ergonomic}

Logging:
Log output configuration:
 #0: stdout all=warning uptime,level,tags
 #1: stderr all=off uptime,level,tags

Environment Variables:
JAVA_HOME=C:\Program Files\Java\jdk-14.0.1\
PATH=C:\Program Files\Java\jdk-14.0.1\bin;"C:\Windows; C:\Windows\system32; C:\Windows\System32\Wbem;";D:\programming\runColorPicker.bat;C:\Windows\system32;C:\Windows;C:\Windows\System32\Wbem;C:\Windows\System32\WindowsPowerShell\v1.0\;C:\Windows\System32\OpenSSH;C:\Program Files\Git\cmd;C:\Program Files\dotnet\;C:\Program Files\nodejs\;C:\Program Files\NVIDIA Corporation\NVIDIA NvDLISR;C:\Program Files\PuTTY\;C:\Users\okang\AppData\Local\Microsoft\WindowsApps;C:\Program Files\JetBrains\IntelliJ IDEA Community Edition 2020.1\bin;;C:\Users\okang\AppData\Local\Programs\Microsoft VS Code\bin;C:\Users\okang\AppData\Local\hyper\app-3.0.2\resources\bin;C:\Users\okang\Desktop\runColorPicker.bat;C:\Users\okang\AppData\Roaming\npm;C:\Program Files\JetBrains\CLion 2020.1\bin;
USERNAME=okang
OS=Windows_NT
PROCESSOR_IDENTIFIER=Intel64 Family 6 Model 94 Stepping 3, GenuineIntel



---------------  S Y S T E M  ---------------

OS: Windows 10 , 64 bit Build 18362 (10.0.18362.959)
OS uptime: 5 days 2:06 hours

CPU:total 8 (initial active 8) (4 cores per cpu, 2 threads per core) family 6 model 94 stepping 3, cmov, cx8, fxsr, mmx, sse, sse2, sse3, ssse3, sse4.1, sse4.2, popcnt, avx, avx2, aes, clmul, erms, rtm, 3dnowpref, lzcnt, ht, tsc, tscinvbit, bmi1, bmi2, adx, fma

Memory: 4k page, system-wide physical 16322M (8037M free)
TotalPageFile size 18754M (AvailPageFile size 7394M)
current process WorkingSet (physical memory assigned to process): 288M, peak: 288M
current process commit charge ("private bytes"): 546M, peak: 547M

vm_info: OpenJDK 64-Bit Server VM (14.0.1+7) for windows-amd64 JRE (14.0.1+7), built on Mar  5 2020 10:30:04 by "mach5one" with MS VC++ 15.9 (VS2017)

END.
